<?xml version="1.0" encoding="UTF-8"?>
<testsuite name="TrieTest" tests="1" skipped="0" failures="0" errors="0" timestamp="2024-04-29T22:16:09" hostname="YANYA" time="0.008">
  <properties/>
  <testcase name="testChildWordRetrieval()" classname="TrieTest" time="0.008"/>
  <system-out><![CDATA[]]></system-out>
  <system-err><![CDATA[]]></system-err>
</testsuite>
